<?xml version="1.0" encoding="UTF-8"?>
<!-- Generated by org.testng.reporters.JUnitXMLReporter -->
<testsuite ignored="0" hostname="LAPTOP-2ESFBUQU" failures="0" tests="3" name="Default test" time="5.316" errors="0" timestamp="2026-03-22T17:20:21 IST">
  <testcase classname="tests.AdminMerchantTest" name="getAllMerchantsTest" time="0.824"/>
  <testcase classname="tests.AdminMerchantTest" name="updateMerchantStatusTest" time="0.583"/>
  <testcase classname="tests.AdminMerchantTest" name="getMerchantsByStatusAndZoneTest" time="0.653"/>
</testsuite> <!-- Default test -->
