<?xml version="1.0" encoding="UTF-8"?>
<testng-results ignored="0" total="3" passed="3" failed="0" skipped="0">
  <reporter-output>
  </reporter-output>
  <suite started-at="2026-03-22T17:20:16 IST" name="Default suite" finished-at="2026-03-22T17:20:21 IST" duration-ms="5316">
    <groups>
    </groups>
    <test started-at="2026-03-22T17:20:16 IST" name="Default test" finished-at="2026-03-22T17:20:21 IST" duration-ms="5316">
      <class name="tests.AdminMerchantTest">
        <test-method is-config="true" signature="setupAndLogin()[pri:0, instance:tests.AdminMerchantTest@55183b20]" started-at="2026-03-22T17:20:16 IST" name="setupAndLogin" finished-at="2026-03-22T17:20:18 IST" duration-ms="2545" status="PASS">
          <reporter-output>
          </reporter-output>
        </test-method> <!-- setupAndLogin -->
        <test-method is-config="true" signature="setupAdmin()[pri:0, instance:tests.AdminMerchantTest@55183b20]" started-at="2026-03-22T17:20:18 IST" name="setupAdmin" finished-at="2026-03-22T17:20:19 IST" duration-ms="670" status="PASS">
          <reporter-output>
          </reporter-output>
        </test-method> <!-- setupAdmin -->
        <test-method signature="getAllMerchantsTest()[pri:1, instance:tests.AdminMerchantTest@55183b20]" started-at="2026-03-22T17:20:19 IST" name="getAllMerchantsTest" finished-at="2026-03-22T17:20:20 IST" duration-ms="824" status="PASS">
          <reporter-output>
          </reporter-output>
        </test-method> <!-- getAllMerchantsTest -->
        <test-method signature="updateMerchantStatusTest()[pri:2, instance:tests.AdminMerchantTest@55183b20]" started-at="2026-03-22T17:20:20 IST" name="updateMerchantStatusTest" finished-at="2026-03-22T17:20:20 IST" duration-ms="583" status="PASS">
          <reporter-output>
          </reporter-output>
        </test-method> <!-- updateMerchantStatusTest -->
        <test-method signature="getMerchantsByStatusAndZoneTest()[pri:3, instance:tests.AdminMerchantTest@55183b20]" started-at="2026-03-22T17:20:20 IST" name="getMerchantsByStatusAndZoneTest" finished-at="2026-03-22T17:20:21 IST" duration-ms="653" status="PASS">
          <reporter-output>
          </reporter-output>
        </test-method> <!-- getMerchantsByStatusAndZoneTest -->
      </class> <!-- tests.AdminMerchantTest -->
    </test> <!-- Default test -->
  </suite> <!-- Default suite -->
</testng-results>
