<?xml version="1.0" encoding="UTF-8"?>
<!-- Generated by org.testng.reporters.JUnitReportReporter -->
<testsuite hostname="LAPTOP-2ESFBUQU" failures="0" tests="4" name="tests.ProductReviewFlowTest" time="2.038" errors="0" timestamp="2026-03-22T07:50:23 IST" skipped="0">
  <testcase classname="tests.ProductReviewFlowTest" name="addReviewTest" time="0.543"/>
  <testcase classname="tests.ProductReviewFlowTest" name="getReviewsByProductTest" time="0.572"/>
  <testcase classname="tests.ProductReviewFlowTest" name="updateReviewTest" time="0.464"/>
  <testcase classname="tests.ProductReviewFlowTest" name="deleteReviewTest" time="0.459"/>
</testsuite> <!-- tests.ProductReviewFlowTest -->
