<?xml version="1.0" encoding="UTF-8"?>
<!-- Generated by org.testng.reporters.JUnitReportReporter -->
<testsuite hostname="LAPTOP-2ESFBUQU" failures="0" tests="3" name="tests.WishlistFlowTest" time="1.738" errors="0" timestamp="2026-03-22T06:55:04 IST" skipped="0">
  <testcase classname="tests.WishlistFlowTest" name="addProductToWishlistTest" time="0.603"/>
  <testcase classname="tests.WishlistFlowTest" name="getWishlistTest" time="0.631"/>
  <testcase classname="tests.WishlistFlowTest" name="deleteWishlistItemTest" time="0.504"/>
</testsuite> <!-- tests.WishlistFlowTest -->
