<?xml version="1.0" encoding="UTF-8"?>
<!-- Generated by org.testng.reporters.JUnitReportReporter -->
<testsuite hostname="LAPTOP-2ESFBUQU" failures="0" tests="5" name="tests.AddressFlowTest" time="2.691" errors="0" timestamp="2026-03-22T07:30:11 IST" skipped="0">
  <testcase classname="tests.AddressFlowTest" name="addAddressTest" time="0.610"/>
  <testcase classname="tests.AddressFlowTest" name="getAllAddressesTest" time="0.553"/>
  <testcase classname="tests.AddressFlowTest" name="getAddressByIdTest" time="0.532"/>
  <testcase classname="tests.AddressFlowTest" name="updateAddressTest" time="0.499"/>
  <testcase classname="tests.AddressFlowTest" name="deleteAddressTest" time="0.497"/>
</testsuite> <!-- tests.AddressFlowTest -->
